
> frontend-next@0.1.0 build
> next build

node.exe : ΓÜá Warning: Next.js inferred your workspace root, but it may not 
be correct.
At line:1 char:1
+ & "C:\Program Files\nodejs/node.exe" "C:\Program Files\nodejs/node_mo ...
+ ~~~~~~~~~~~~~~~~~~~~~~~~~~~~~~~~~~~~~~~~~~~~~~~~~~~~~~~~~~~~~~~~~~~~~
    + CategoryInfo          : NotSpecified: (ΓÜá Warning: Ne...not be correc 
   t.:String) [], RemoteException
    + FullyQualifiedErrorId : NativeCommandError
 
 We detected multiple lockfiles and selected the directory of 
D:\Websites\Flipzokart\package-lock.json as the root directory.
 To silence this warning, set `turbopack.root` in your Next.js config, or 
consider removing one of the lockfiles if it's not needed.
   See https://nextjs.org/docs/app/api-reference/config/next-config-js/turbop
ack#root-directory for more information.
 Detected additional lockfiles: 
   * D:\Websites\Flipzokart\frontend-next\package-lock.json

Γû▓ Next.js 16.1.6 (Turbopack)
- Environments: .env.local

  Creating an optimized production build ...
Γ£ô Compiled successfully in 10.2s
  Running TypeScript ...
  Collecting page data using 5 workers ...
  Generating static pages using 5 workers (0/45) ...
  Generating static pages using 5 workers (11/45) 
  Generating static pages using 5 workers (22/45) 
Error occurred prerendering page "/". Read more: 
https://nextjs.org/docs/messages/prerender-error
Error: Attempted to call useApp() from the server but useApp is on the 
client. It's not possible to invoke a client function from the server, it 
can only be rendered as a Component or passed to props of a Client Component.
    at <unknown> (D:\Websites\Flipzokart\frontend-next\.next\server\chunks\ss
r\frontend-next_app_269e1baa._.js:1:1308)
    at q (D:\Websites\Flipzokart\frontend-next\.next\server\chunks\ssr\fronte
nd-next_app_269e1baa._.js:1:13409)
    at stringify (<anonymous>) {
  digest: '3771445125'
}
Export encountered an error on /page: /, exiting the build.
Γ¿» Next.js build worker exited with code: 1 and signal: null
