
> frontend-next@0.1.0 build
> next build

node.exe : ΓÜá Warning: Next.js inferred your workspace root, but it may not 
be correct.
At line:1 char:1
+ & "C:\Program Files\nodejs/node.exe" "C:\Program Files\nodejs/node_mo ...
+ ~~~~~~~~~~~~~~~~~~~~~~~~~~~~~~~~~~~~~~~~~~~~~~~~~~~~~~~~~~~~~~~~~~~~~
    + CategoryInfo          : NotSpecified: (ΓÜá Warning: Ne...not be correc 
   t.:String) [], RemoteException
    + FullyQualifiedErrorId : NativeCommandError
 
 We detected multiple lockfiles and selected the directory of 
D:\Websites\Flipzokart\package-lock.json as the root directory.
 To silence this warning, set `turbopack.root` in your Next.js config, or 
consider removing one of the lockfiles if it's not needed.
   See https://nextjs.org/docs/app/api-reference/config/next-config-js/turbop
ack#root-directory for more information.
 Detected additional lockfiles: 
   * D:\Websites\Flipzokart\frontend-next\package-lock.json

Γû▓ Next.js 16.1.6 (Turbopack)
- Environments: .env.local

  Creating an optimized production build ...
Γ£ô Compiled successfully in 8.9s
  Running TypeScript ...
  Collecting page data using 5 workers ...
  Generating static pages using 5 workers (0/45) ...
Γ¿» useSearchParams() should be wrapped in a suspense boundary at page 
"/banned". Read more: 
https://nextjs.org/docs/messages/missing-suspense-with-csr-bailout
    at Q (D:\Websites\Flipzokart\frontend-next\.next\server\chunks\ssr\58c09_
next_f3429e85._.js:2:2111)
    at o (D:\Websites\Flipzokart\frontend-next\.next\server\chunks\ssr\58c09_
next_f3429e85._.js:4:5275)
    at C (D:\Websites\Flipzokart\frontend-next\.next\server\chunks\ssr\fronte
nd-next_24ffcc86._.js:1:22319)
    at an (D:\Websites\Flipzokart\frontend-next\node_modules\next\dist\compil
ed\next-server\app-page-turbo.runtime.prod.js:2:84360)
    at ai (D:\Websites\Flipzokart\frontend-next\node_modules\next\dist\compil
ed\next-server\app-page-turbo.runtime.prod.js:2:86179)
    at al (D:\Websites\Flipzokart\frontend-next\node_modules\next\dist\compil
ed\next-server\app-page-turbo.runtime.prod.js:2:107953)
    at as (D:\Websites\Flipzokart\frontend-next\node_modules\next\dist\compil
ed\next-server\app-page-turbo.runtime.prod.js:2:105368)
    at am (D:\Websites\Flipzokart\frontend-next\node_modules\next\dist\compil
ed\next-server\app-page-turbo.runtime.prod.js:2:112882)
    at au (D:\Websites\Flipzokart\frontend-next\node_modules\next\dist\compil
ed\next-server\app-page-turbo.runtime.prod.js:2:109985)
    at al (D:\Websites\Flipzokart\frontend-next\node_modules\next\dist\compil
ed\next-server\app-page-turbo.runtime.prod.js:2:108231)
Error occurred prerendering page "/banned". Read more: 
https://nextjs.org/docs/messages/prerender-error
Export encountered an error on /banned/page: /banned, exiting the build.
Γ¿» useSearchParams() should be wrapped in a suspense boundary at page 
"/404". Read more: 
https://nextjs.org/docs/messages/missing-suspense-with-csr-bailout
    at Q (D:\Websites\Flipzokart\frontend-next\.next\server\chunks\ssr\58c09_
next_f3429e85._.js:2:2111)
    at o (D:\Websites\Flipzokart\frontend-next\.next\server\chunks\ssr\58c09_
next_f3429e85._.js:4:5275)
    at C (D:\Websites\Flipzokart\frontend-next\.next\server\chunks\ssr\fronte
nd-next_24ffcc86._.js:1:22319)
    at an (D:\Websites\Flipzokart\frontend-next\node_modules\next\dist\compil
ed\next-server\app-page-turbo.runtime.prod.js:2:84360)
    at ai (D:\Websites\Flipzokart\frontend-next\node_modules\next\dist\compil
ed\next-server\app-page-turbo.runtime.prod.js:2:86179)
    at al (D:\Websites\Flipzokart\frontend-next\node_modules\next\dist\compil
ed\next-server\app-page-turbo.runtime.prod.js:2:107953)
    at as (D:\Websites\Flipzokart\frontend-next\node_modules\next\dist\compil
ed\next-server\app-page-turbo.runtime.prod.js:2:105368)
    at am (D:\Websites\Flipzokart\frontend-next\node_modules\next\dist\compil
ed\next-server\app-page-turbo.runtime.prod.js:2:112882)
    at au (D:\Websites\Flipzokart\frontend-next\node_modules\next\dist\compil
ed\next-server\app-page-turbo.runtime.prod.js:2:109985)
    at al (D:\Websites\Flipzokart\frontend-next\node_modules\next\dist\compil
ed\next-server\app-page-turbo.runtime.prod.js:2:108231)
Error occurred prerendering page "/_not-found". Read more: 
https://nextjs.org/docs/messages/prerender-error
Export encountered an error on /_not-found/page: /_not-found, exiting the 
build.
Γ¿» Next.js build worker exited with code: 1 and signal: null
