
> frontend-next@0.1.0 build
> next build

node.exe : ΓÜá Warning: Next.js inferred your workspace root, but it may not 
be correct.
At line:1 char:1
+ & "C:\Program Files\nodejs/node.exe" "C:\Program Files\nodejs/node_mo ...
+ ~~~~~~~~~~~~~~~~~~~~~~~~~~~~~~~~~~~~~~~~~~~~~~~~~~~~~~~~~~~~~~~~~~~~~
    + CategoryInfo          : NotSpecified: (ΓÜá Warning: Ne...not be correc 
   t.:String) [], RemoteException
    + FullyQualifiedErrorId : NativeCommandError
 
 We detected multiple lockfiles and selected the directory of 
D:\Websites\Flipzokart\package-lock.json as the root directory.
 To silence this warning, set `turbopack.root` in your Next.js config, or 
consider removing one of the lockfiles if it's not needed.
   See https://nextjs.org/docs/app/api-reference/config/next-config-js/turbop
ack#root-directory for more information.
 Detected additional lockfiles: 
   * D:\Websites\Flipzokart\frontend-next\package-lock.json

Γû▓ Next.js 16.1.6 (Turbopack)
- Environments: .env.local

  Creating an optimized production build ...
Γ£ô Compiled successfully in 12.7s
  Running TypeScript ...
  Collecting page data using 5 workers ...
  Generating static pages using 5 workers (0/45) ...
  Generating static pages using 5 workers (11/45) 
  Generating static pages using 5 workers (22/45) 
Error occurred prerendering page "/payment". Read more: 
https://nextjs.org/docs/messages/prerender-error
TypeError: Cannot read properties of undefined (reading 
'VITE_RAZORPAY_KEY_ID')
    at module evaluation (D:\Websites\Flipzokart\frontend-next\.next\server\c
hunks\ssr\frontend-next_75f85ff3._.js:1:1816)
    at instantiateModule (D:\Websites\Flipzokart\frontend-next\.next\server\c
hunks\ssr\[turbopack]_runtime.js:740:9)
    at getOrInstantiateModuleFromParent (D:\Websites\Flipzokart\frontend-next
\.next\server\chunks\ssr\[turbopack]_runtime.js:763:12)
    at Context.commonJsRequire [as r] (D:\Websites\Flipzokart\frontend-next\.
next\server\chunks\ssr\[turbopack]_runtime.js:249:12) {
  digest: '1113992966'
}
Export encountered an error on /payment/page: /payment, exiting the build.
Γ¿» Next.js build worker exited with code: 1 and signal: null
