
> frontend-next@0.1.0 build
> next build

node.exe : ΓÜá Warning: Next.js inferred your workspace root, but it may not 
be correct.
At line:1 char:1
+ & "C:\Program Files\nodejs/node.exe" "C:\Program Files\nodejs/node_mo ...
+ ~~~~~~~~~~~~~~~~~~~~~~~~~~~~~~~~~~~~~~~~~~~~~~~~~~~~~~~~~~~~~~~~~~~~~
    + CategoryInfo          : NotSpecified: (ΓÜá Warning: Ne...not be correc 
   t.:String) [], RemoteException
    + FullyQualifiedErrorId : NativeCommandError
 
 We detected multiple lockfiles and selected the directory of 
D:\Websites\Flipzokart\package-lock.json as the root directory.
 To silence this warning, set `turbopack.root` in your Next.js config, or 
consider removing one of the lockfiles if it's not needed.
   See https://nextjs.org/docs/app/api-reference/config/next-config-js/turbop
ack#root-directory for more information.
 Detected additional lockfiles: 
   * D:\Websites\Flipzokart\frontend-next\package-lock.json

Γû▓ Next.js 16.1.6 (Turbopack)
- Environments: .env.local

  Creating an optimized production build ...
Γ£ô Compiled successfully in 8.0s
  Running TypeScript ...
  Collecting page data using 5 workers ...
  Generating static pages using 5 workers (0/45) ...
Error occurred prerendering page "/_not-found". Read more: 
https://nextjs.org/docs/messages/prerender-error
ReferenceError: localStorage is not defined
    at <unknown> (D:\Websites\Flipzokart\frontend-next\.next\server\chunks\ss
r\[root-of-the-server]__6638baa5._.js:1:11076)
    at <unknown> (D:\Websites\Flipzokart\frontend-next\.next\server\chunks\ss
r\[root-of-the-server]__6638baa5._.js:1:11064) {
  digest: '1960948401'
}
Export encountered an error on /_not-found/page: /_not-found, exiting the 
build.
Γ¿» Next.js build worker exited with code: 1 and signal: null
