
> frontend-next@0.1.0 build
> next build

node.exe : ΓÜá Warning: Next.js inferred your workspace root, but it may not 
be correct.
At line:1 char:1
+ & "C:\Program Files\nodejs/node.exe" "C:\Program Files\nodejs/node_mo ...
+ ~~~~~~~~~~~~~~~~~~~~~~~~~~~~~~~~~~~~~~~~~~~~~~~~~~~~~~~~~~~~~~~~~~~~~
    + CategoryInfo          : NotSpecified: (ΓÜá Warning: Ne...not be correc 
   t.:String) [], RemoteException
    + FullyQualifiedErrorId : NativeCommandError
 
 We detected multiple lockfiles and selected the directory of 
D:\Websites\Flipzokart\package-lock.json as the root directory.
 To silence this warning, set `turbopack.root` in your Next.js config, or 
consider removing one of the lockfiles if it's not needed.
   See https://nextjs.org/docs/app/api-reference/config/next-config-js/turbop
ack#root-directory for more information.
 Detected additional lockfiles: 
   * D:\Websites\Flipzokart\frontend-next\package-lock.json

Γû▓ Next.js 16.1.6 (Turbopack)
- Environments: .env.local

  Creating an optimized production build ...
Γ£ô Compiled successfully in 7.7s
  Running TypeScript ...
Failed to compile.

./app/forgot-password/page.tsx:1:10
Type error: '"@/app/_pages/ForgotPassword"' has no exported member named 
'ForgotPassword'. Did you mean 'ForgotPasswordPage'?

[0m[31m[1m>[22m[39m[90m 1 |[39m [36mimport[39m { 
[33mForgotPassword[39m [36mas[39m [33mComponent[39m } [36mfrom[39m 
[32m'@/app/_pages/ForgotPassword'[39m[33m;[39m
 [90m   |[39m          [31m[1m^[22m[39m
 [90m 2 |[39m
 [90m 3 |[39m [36mexport[39m [36mdefault[39m [36mfunction[39m 
[33mPage[39m() {
 [90m 4 |[39m   [36mreturn[39m [33m<[39m[33mComponent[39m 
[33m/[39m[33m>[39m[33m;[39m[0m
Next.js build worker exited with code: 1 and signal: null
